[twitter.com/elonmusk/status/1242522143092588546.html]
[backblue.gif]
[fade.gif]
[index.html]
[abs.twimg.com/a/1585343922/css/t1/twitter_core.bundle.css]
[abs.twimg.com/a/1585343922/css/t1/twitter_more_1.bundle.css]
[abs.twimg.com/a/1585343922/css/t1/twitter_more_2.bundle.css]
[abs.twimg.com/k/en/init.en.0387e710d85c56ea909c.js]
[abs.twimg.com/k/en/0.commons.en.06a750caea28350212ee.js]
[abs.twimg.com/k/en/5.pages_permalink.en.d01701ba3cce1f0d3917.js]
[abs.twimg.com/icons/apple-touch-icon-192x192.png]
[twitter.com/elonmusk/status/1242522143092588546e68f.html]
[twitter.com/elonmusk/status/12425221430925885469ed2.html]
[twitter.com/elonmusk/status/1242522143092588546d6cc.html]
[twitter.com/elonmusk/status/1242522143092588546c9e6.html]
[twitter.com/elonmusk/status/1242522143092588546c69a.html]
[twitter.com/elonmusk/status/12425221430925885463322.html]
[twitter.com/elonmusk/status/1242522143092588546cf53.html]
[twitter.com/elonmusk/status/12425221430925885469bb4.html]
[twitter.com/elonmusk/status/1242522143092588546923c.html]
[twitter.com/elonmusk/status/12425221430925885467542.html]
[twitter.com/elonmusk/status/12425221430925885462296.html]
[twitter.com/elonmusk/status/12425221430925885462139.html]
[twitter.com/elonmusk/status/1242522143092588546cdb1.html]
[twitter.com/elonmusk/status/124252214309258854602d7.html]
[twitter.com/elonmusk/status/124252214309258854699dc.html]
[twitter.com/elonmusk/status/12425221430925885469212.html]
[twitter.com/elonmusk/status/1242522143092588546759b.html]
[twitter.com/elonmusk/status/1242522143092588546ef8e.html]
[twitter.com/elonmusk/status/124252214309258854699a6.html]
[twitter.com/elonmusk/status/12425221430925885469e93.html]
[twitter.com/elonmusk/status/12425221430925885465720.html]
[twitter.com/elonmusk/status/1242522143092588546c423.html]
[twitter.com/elonmusk/status/12425221430925885466bf8.html]
[twitter.com/elonmusk/status/1242522143092588546a30c.html]
[twitter.com/elonmusk/status/1242522143092588546e6ac.html]
[twitter.com/elonmusk/status/124252214309258854664f4.html]
[twitter.com/elonmusk/status/1242522143092588546add9.html]
[twitter.com/elonmusk/status/1242522143092588546cc5a.html]
[twitter.com/elonmusk/status/12425221430925885469277.html]
[twitter.com/elonmusk/status/1242522143092588546a35d.html]
[twitter.com/elonmusk/status/12425221430925885465242.html]
[twitter.com/elonmusk/status/12425221430925885464bed.html]
[twitter.com/elonmusk/status/1242522143092588546ad9c.html]
[twitter.com/elonmusk/status/12425221430925885467b3f.html]
[twitter.com/elonmusk/status/12425221430925885464240.html]
[twitter.com/elonmusk/status/12425221430925885460b5e.html]
[twitter.com/elonmusk/status/12425221430925885461ebe.html]
[twitter.com/elonmusk/status/124252214309258854662b1.html]
[twitter.com/elonmusk/status/1242522143092588546e034.html]
[twitter.com/elonmusk/status/1242522143092588546bbc9.html]
[twitter.com/elonmusk/status/12425221430925885461f03.html]
[twitter.com/elonmusk/status/12425221430925885466e27.html]
[twitter.com/elonmusk/status/124252214309258854608c7.html]
[twitter.com/elonmusk/status/12425221430925885467d5b.html]
[twitter.com/elonmusk/status/1242522143092588546c203.html]
[twitter.com/elonmusk/status/1242522143092588546880d.html]
[twitter.com/elonmusk/status/124252214309258854621c9.html]
[twitter.com/elonmusk/status/android-app_/com.twitter.android/twitter/tweet.371c1b.delayed]
[twitter.com/elonmusk/status/124252214309258854631cf.html]
[pbs.twimg.com/profile_images/1223183340171415552/XQcxk5Zb_400x400.jpg]
[pbs.twimg.com/profile_images/1223183340171415552/XQcxk5Zb.jpg]
[pbs.twimg.com/profile_images/1223183340171415552/XQcxk5Zb_normal.jpg]
[abs.twimg.com/emoji/v2/72x72/1f680.png]
[abs.twimg.com/emoji/v2/72x72/2600.png]
[abs.twimg.com/emoji/v2/72x72/1f698.png]
[abs.twimg.com/emoji/v2/72x72/1f9e0.png]
[abs.twimg.com/emoji/v2/72x72/1f573.png]
[pbs.twimg.com/profile_images/1223183340171415552/XQcxk5Zb_bigger.jpg]
[twitter.com/elonmusk/status/1242519973903376384.html]
[twitter.com/elonmusk/status/1242520456554516480.html]
[pbs.twimg.com/media/ET5TTO2XQAQm_Tn.jpg]
[pbs.twimg.com/profile_images/1241027695754072065/WlZLz-dR_normal.jpg]
[pbs.twimg.com/profile_images/580433875115085824/AUf1NOmK_normal.jpg]
[pbs.twimg.com/profile_images/1182532304029118464/UiMhY2-a_normal.jpg]
[pbs.twimg.com/profile_images/979545856549429250/EgrrWCmn_normal.jpg]
[pbs.twimg.com/profile_images/1242478291417624579/HxsyFG62_normal.jpg]
[pbs.twimg.com/profile_images/720738355735093249/SLc43h2p_normal.jpg]
[pbs.twimg.com/profile_images/937017913269243904/K0o24Qvu_normal.jpg]
[pbs.twimg.com/profile_images/1242891979744325632/CChSXjEp_normal.jpg]
[pbs.twimg.com/profile_images/1225334676153413633/t_5zzKi8_normal.jpg]
[pbs.twimg.com/profile_images/1177991663869779969/Sl9D6zwu_bigger.jpg]
[pbs.twimg.com/media/ET5UpoTUYAAS5IG.jpg]
[pbs.twimg.com/profile_images/1242857722522955777/qaFzJp82_bigger.jpg]
[pbs.twimg.com/media/ET5VYHNU8AALINp.jpg]
[pbs.twimg.com/profile_images/1234273067762888704/UEimoCUc_bigger.jpg]
[pbs.twimg.com/media/ET5VI7VWsAAnMPs.jpg]
[pbs.twimg.com/profile_images/1122377897921196037/VFcAA57i_bigger.jpg]
[pbs.twimg.com/profile_images/1197017034128674816/K1j0tPT7_bigger.jpg]
[twitter.com/elonmusk/status/'https_.56.delayed]
[pbs.twimg.com/profile_images/1223613911833948160/f3QhQGx8_bigger.jpg]
[abs.twimg.com/emoji/v2/72x72/1f994.png]
[abs.twimg.com/emoji/v2/72x72/1f41a.png]
[pbs.twimg.com/tweet_video_thumb/ET5Tle0XkAIaISR.jpg]
[pbs.twimg.com/profile_images/1213599360526647296/R-aTXeiq_bigger.jpg]
[pbs.twimg.com/ext_tw_video_thumb/1242530858558353408/pu/img/6SFDWoXzeXldkdej.jpg]
[twitter.com/elonmusk/status/1242522143092588546.html]
[abs.twimg.com/a/1585343922/img/t1/web_sprite.png]
[abs.twimg.com/a/1585343922/img/t1/spinners/spinner-rosetta-blue-26x26.gif]
[abs.twimg.com/a/1585343922/img/t1/spinners/spinner-rosetta-blue-26x26@2x.gif]
[abs.twimg.com/a/1585343922/img/t1/avatar_placeholder.png]
[abs.twimg.com/a/1585343922/img/t1/img_microsoft_logo.png]
[abs.twimg.com/a/1585343922/img/t1/img_microsoft_logo@2x.png]
[abs.twimg.com/a/1585343922/img/t1/spinners/spinner-rosetta-gray-32x32.gif]
[abs.twimg.com/a/1585343922/img/t1/spinners/spinner-rosetta-gray-14x14.gif]
[abs.twimg.com/a/1585343922/img/t1/spinner-rosetta-gray-14x14-dark-bg.65.delayed]
[abs.twimg.com/a/1585343922/img/t1/bg_gap_bottom.png]
[abs.twimg.com/a/1585343922/img/t1/bg_gap_top.png]
[abs.twimg.com/a/1585343922/img/t1/icon_giphy.png]
[abs.twimg.com/a/1585343922/img/t1/icon_riffsy.png]
[abs.twimg.com/a/1585343922/img/animations/web_heart_animation_media.png]
[abs.twimg.com/a/1585343922/img/animations/web_heart_animation_edge.png]
[abs.twimg.com/a/1585343922/css/t1/twitter_core.bundle.css]
[abs.twimg.com/a/1585343922/img/t1/twitter-web-sprite-media.png]
[abs.twimg.com/a/1585343922/images/bigger_spinner.6d.delayed]
[abs.twimg.com/a/1585343922/img/t1/verify_at_twtrjp.png]
[abs.twimg.com/a/1585343922/css/t1/twitter_more_1.bundle.css]
[abs.twimg.com/a/1585343922/img/t1/spinners/spinner-rosetta-gray-26x26.gif]
[abs.twimg.com/a/1585343922/img/profiles/balloons/red.png]
[abs.twimg.com/a/1585343922/img/profiles/balloons/blue.png]
[abs.twimg.com/a/1585343922/img/profiles/balloons/purple.png]
[abs.twimg.com/a/1585343922/img/profiles/balloons/yellow.png]
[abs.twimg.com/a/1585343922/img/profiles/balloons/green.png]
[abs.twimg.com/a/1585343922/img/moments/audio_icon_animation.png]
[abs.twimg.com/a/1585343922/css/t1/images/ui-bg_flat_75_ffffff_40x100.76.delayed]
[abs.twimg.com/a/1585343922/css/t1/images/ui-bg_highlight-soft_75_cccccc_1x100.77.delayed]
[abs.twimg.com/a/1585343922/css/t1/images/ui-bg_glass_75_e6e6e6_1x400.78.delayed]
[abs.twimg.com/a/1585343922/css/t1/images/ui-bg_glass_75_dadada_1x400.79.delayed]
[abs.twimg.com/a/1585343922/css/t1/images/ui-bg_glass_65_ffffff_1x400.7a.delayed]
[abs.twimg.com/a/1585343922/css/t1/images/ui-bg_glass_55_fbf9ee_1x400.7b.delayed]
[abs.twimg.com/a/1585343922/css/t1/images/ui-bg_glass_95_fef1ec_1x400.7c.delayed]
[abs.twimg.com/a/1585343922/css/t1/images/ui-icons_222222_256x240.7d.delayed]
[abs.twimg.com/a/1585343922/css/t1/images/ui-icons_888888_256x240.7e.delayed]
[abs.twimg.com/a/1585343922/css/t1/images/ui-icons_454545_256x240.7f.delayed]
[abs.twimg.com/a/1585343922/css/t1/images/ui-icons_2e83ff_256x240.80.delayed]
[abs.twimg.com/a/1585343922/css/t1/images/ui-icons_cd0a0a_256x240.81.delayed]
[abs.twimg.com/a/1585343922/css/t1/images/ui-bg_flat_0_aaaaaa_40x100.82.delayed]
[abs.twimg.com/a/1585343922/css/t1/twitter_more_2.bundle.css]
[abs.twimg.com/k/fr/init.fr.5f4969a5055050bf23e8.js]
[abs.twimg.com/k/fr/0.commons.fr.3fa58c08d7b4108fcb48.js]
[abs.twimg.com/k/fr/5.pages_permalink.fr.99a5a2d6e2a6b379ecbb.js]
[twitter.com/elonmusk/status/1242522143092588546e68f.html]
[twitter.com/elonmusk/status/12425221430925885469ed2.html]
[abs.twimg.com/a/1585343922/css/t1/twitter_core.bundle.rtl.css]
[abs.twimg.com/a/1585343922/css/t1/twitter_more_1.bundle.rtl.css]
[abs.twimg.com/a/1585343922/css/t1/twitter_more_2.bundle.rtl.css]
[abs.twimg.com/k/ar/init.ar.7d60b8835482b2684036.js]
[abs.twimg.com/k/ar/0.commons.ar.b2bf6dbdffedd2133ff0.js]
[abs.twimg.com/k/ar/5.pages_permalink.ar.134644256c2d915d5912.js]
[twitter.com/elonmusk/status/1242522143092588546d6cc.html]
[abs.twimg.com/k/ja/init.ja.12df30d6a92f9f29bdfe.js]
[abs.twimg.com/k/ja/0.commons.ja.ca9ed55777a6f300f36b.js]
[abs.twimg.com/k/ja/5.pages_permalink.ja.04fd9b3af466fe8e7bed.js]
[twitter.com/elonmusk/status/1242522143092588546c9e6.html]
[abs.twimg.com/k/es/init.es.7a848a8da770aa6e678c.js]
[abs.twimg.com/k/es/0.commons.es.db1356329b6e4ff88e45.js]
[abs.twimg.com/k/es/5.pages_permalink.es.284053c57214b5dfa9de.js]
[twitter.com/elonmusk/status/1242522143092588546c69a.html]
[abs.twimg.com/k/de/init.de.21b9eed87451b9caf6ad.js]
[abs.twimg.com/k/de/0.commons.de.f649912b993fb8223399.js]
[abs.twimg.com/k/de/5.pages_permalink.de.c6f6989b8d09c46d5dbd.js]
[twitter.com/elonmusk/status/12425221430925885463322.html]
[abs.twimg.com/k/it/init.it.e6df74b4a39c9faf4faf.js]
[abs.twimg.com/k/it/0.commons.it.7da1b21a6ff76c74eab3.js]
[abs.twimg.com/k/it/5.pages_permalink.it.5bba0fd2d2a2d39d58df.js]
[twitter.com/elonmusk/status/1242522143092588546cf53.html]
[abs.twimg.com/k/id/init.id.2348496769dc4238947b.js]
[abs.twimg.com/k/id/0.commons.id.4b3a26d784d048389851.js]
[abs.twimg.com/k/id/5.pages_permalink.id.115a8494f4cca4599c7f.js]
[twitter.com/elonmusk/status/12425221430925885469bb4.html]
[abs.twimg.com/k/pt/init.pt.79cf2de2421086164d7d.js]
[abs.twimg.com/k/pt/0.commons.pt.fd708edeb08cb69f5116.js]
[abs.twimg.com/k/pt/5.pages_permalink.pt.c007a020dd858add5902.js]
[twitter.com/elonmusk/status/1242522143092588546923c.html]
[abs.twimg.com/k/ko/init.ko.c4a71654ea45e6259f19.js]
[abs.twimg.com/k/ko/0.commons.ko.738ede0035cbb20523a2.js]
[abs.twimg.com/k/ko/5.pages_permalink.ko.bc20db7bf9a9401ab532.js]
[twitter.com/elonmusk/status/12425221430925885467542.html]
[abs.twimg.com/k/tr/init.tr.4c49afa39d00b8c15562.js]
[abs.twimg.com/k/tr/0.commons.tr.55879a0197d6cd9808d3.js]
[abs.twimg.com/k/tr/5.pages_permalink.tr.5eaf90496c94b6671d87.js]
[twitter.com/elonmusk/status/12425221430925885462296.html]
[abs.twimg.com/k/ru/init.ru.941d92b77c63c79e053b.js]
[abs.twimg.com/k/ru/0.commons.ru.6061fed93f80b6720877.js]
[abs.twimg.com/k/ru/5.pages_permalink.ru.f554e4dcb6aca17d1749.js]
[twitter.com/elonmusk/status/12425221430925885462139.html]
[abs.twimg.com/k/nl/init.nl.4a1ef0d3434d7444a31f.js]
[abs.twimg.com/k/nl/0.commons.nl.c8aca6afc7f3d344afb6.js]
[abs.twimg.com/k/nl/5.pages_permalink.nl.066a7a0095cf4b97d024.js]
[twitter.com/elonmusk/status/1242522143092588546cdb1.html]
[abs.twimg.com/k/fil/init.fil.8b73407806c2d3fe5c30.js]
[abs.twimg.com/k/fil/0.commons.fil.34603013a5a90d214e37.js]
[abs.twimg.com/k/fil/5.pages_permalink.fil.ebb05ee7621eb3fc582d.js]
[twitter.com/elonmusk/status/124252214309258854602d7.html]
[twitter.com/elonmusk/status/124252214309258854699dc.html]
[abs.twimg.com/k/zh-tw/init.zh-tw.453a1e30a90d2a68a1af.js]
[abs.twimg.com/k/zh-tw/0.commons.zh-tw.58f49f6aa15161cb1fd9.js]
[abs.twimg.com/k/zh-tw/5.pages_permalink.zh-tw.1d9323676398335f0407.js]
[twitter.com/elonmusk/status/12425221430925885469212.html]
[abs.twimg.com/k/zh-cn/init.zh-cn.0d159746b92b392f5004.js]
[abs.twimg.com/k/zh-cn/0.commons.zh-cn.ea14656b60861a80c48e.js]
[abs.twimg.com/k/zh-cn/5.pages_permalink.zh-cn.b0fc12f9cb296a9deb46.js]
[twitter.com/elonmusk/status/1242522143092588546759b.html]
[abs.twimg.com/k/hi/init.hi.dcb25b2049790743023d.js]
[abs.twimg.com/k/hi/0.commons.hi.28e779745a549a4ec1ca.js]
[abs.twimg.com/k/hi/5.pages_permalink.hi.52805f904edcc63ebb58.js]
[twitter.com/elonmusk/status/1242522143092588546ef8e.html]
[abs.twimg.com/k/no/init.no.65025d103dadaac0af1a.js]
[abs.twimg.com/k/no/0.commons.no.255f1e951223f832d5d1.js]
[abs.twimg.com/k/no/5.pages_permalink.no.247907f07e2e94f37d65.js]
[twitter.com/elonmusk/status/124252214309258854699a6.html]
[abs.twimg.com/k/sv/init.sv.9cb4db6c08a32f8c1ee4.js]
[abs.twimg.com/k/sv/0.commons.sv.0a9afcbd74468f67a931.js]
[abs.twimg.com/k/sv/5.pages_permalink.sv.da8b8c42cd54c2a97407.js]
[twitter.com/elonmusk/status/12425221430925885469e93.html]
[abs.twimg.com/k/fi/init.fi.41dfc59aa98a81aaf80e.js]
[abs.twimg.com/k/fi/0.commons.fi.e914df05c3407a6213f7.js]
[abs.twimg.com/k/fi/5.pages_permalink.fi.876f0fb472da939268a6.js]
[twitter.com/elonmusk/status/12425221430925885465720.html]
[abs.twimg.com/k/da/init.da.e3dd6ab459f92fdd7657.js]
[abs.twimg.com/k/da/0.commons.da.8f6736a101f8362d9393.js]
[abs.twimg.com/k/da/5.pages_permalink.da.62877995017ea9f79715.js]
[twitter.com/elonmusk/status/1242522143092588546c423.html]
[abs.twimg.com/k/pl/init.pl.ad50183f6a3e28e96a72.js]
[abs.twimg.com/k/pl/0.commons.pl.a7fcbb5937bf994db05d.js]
[abs.twimg.com/k/pl/5.pages_permalink.pl.4c698613dcf7ee3ab93e.js]
[twitter.com/elonmusk/status/12425221430925885466bf8.html]
[abs.twimg.com/k/hu/init.hu.d056b3f817e865803f5d.js]
[abs.twimg.com/k/hu/0.commons.hu.bf5ad512cd65c0b1ff20.js]
[abs.twimg.com/k/hu/5.pages_permalink.hu.644ddcc698d156f7ad17.js]
[twitter.com/elonmusk/status/1242522143092588546a30c.html]
[abs.twimg.com/k/fa/init.fa.73408a7232d5575666fd.js]
[abs.twimg.com/k/fa/0.commons.fa.c9c3a20139acc4c3b9a3.js]
[abs.twimg.com/k/fa/5.pages_permalink.fa.b5adf67b2321e0628b32.js]
[twitter.com/elonmusk/status/1242522143092588546e6ac.html]
[abs.twimg.com/k/he/init.he.c6457c5f72c92dca5449.js]
[abs.twimg.com/k/he/0.commons.he.e4c2bd0075fd933c9fec.js]
[abs.twimg.com/k/he/5.pages_permalink.he.d32ee3432bbaa20dc705.js]
[twitter.com/elonmusk/status/124252214309258854664f4.html]
[abs.twimg.com/k/ur/init.ur.4b4a2fe2e91f639d59d1.js]
[abs.twimg.com/k/ur/0.commons.ur.6c21e4b61d32aeb4a676.js]
[abs.twimg.com/k/ur/5.pages_permalink.ur.694072d1700bcd28c43d.js]
[twitter.com/elonmusk/status/1242522143092588546add9.html]
[abs.twimg.com/k/th/init.th.754a05b90ccfafd6799b.js]
[abs.twimg.com/k/th/0.commons.th.aa50001136d5f2f95255.js]
[abs.twimg.com/k/th/5.pages_permalink.th.5619c9c0bbac4f02c5e9.js]
[twitter.com/elonmusk/status/1242522143092588546cc5a.html]
[abs.twimg.com/k/uk/init.uk.b009e4c123a7b6b4d093.js]
[abs.twimg.com/k/uk/0.commons.uk.d822329035742461945a.js]
[abs.twimg.com/k/uk/5.pages_permalink.uk.03447102717856fd4864.js]
[twitter.com/elonmusk/status/12425221430925885469277.html]
[abs.twimg.com/k/ca/init.ca.49214972f6f1f70c97f6.js]
[abs.twimg.com/k/ca/0.commons.ca.514a3d86a74fd0b39fdb.js]
[abs.twimg.com/k/ca/5.pages_permalink.ca.55d6eee1896d3d39ba35.js]
[twitter.com/elonmusk/status/1242522143092588546a35d.html]
[abs.twimg.com/k/ga/init.ga.e1fe6df291d8ca9447ca.js]
[abs.twimg.com/k/ga/0.commons.ga.604eeb5ede5316007223.js]
[abs.twimg.com/k/ga/5.pages_permalink.ga.b3849351db1b855481fc.js]
[twitter.com/elonmusk/status/12425221430925885465242.html]
[abs.twimg.com/k/el/init.el.9dddf414e51046cfbb14.js]
[abs.twimg.com/k/el/0.commons.el.3637184b1858466c9d2c.js]
[abs.twimg.com/k/el/5.pages_permalink.el.ef28d8c89e50699a21c5.js]
[twitter.com/elonmusk/status/12425221430925885464bed.html]
[abs.twimg.com/k/eu/init.eu.f8d2b2a4a274139765ef.js]
[abs.twimg.com/k/eu/0.commons.eu.8c4b8ab36b56a311dc0c.js]
[abs.twimg.com/k/eu/5.pages_permalink.eu.825f0dd0e500037cd0f9.js]
[twitter.com/elonmusk/status/1242522143092588546ad9c.html]
[abs.twimg.com/k/cs/init.cs.ea58a53b63c385d5687d.js]
[abs.twimg.com/k/cs/0.commons.cs.8b31622345f4ab304776.js]
[abs.twimg.com/k/cs/5.pages_permalink.cs.064ad773729bfdc94702.js]
[twitter.com/elonmusk/status/12425221430925885467b3f.html]
[abs.twimg.com/k/gl/init.gl.9207f9df268639246d7d.js]
[abs.twimg.com/k/gl/0.commons.gl.7544bda35a98cb4f8aaf.js]
[abs.twimg.com/k/gl/5.pages_permalink.gl.d1a4c0b1bec1f7209a6a.js]
[twitter.com/elonmusk/status/12425221430925885464240.html]
[abs.twimg.com/k/ro/init.ro.222dc69af77bd13740b8.js]
[abs.twimg.com/k/ro/0.commons.ro.7be05449a8de45587517.js]
[abs.twimg.com/k/ro/5.pages_permalink.ro.0059bd2d1ea8984aeb8e.js]
[twitter.com/elonmusk/status/12425221430925885460b5e.html]
[abs.twimg.com/k/hr/init.hr.e1a0bd1a61ca23d42b01.js]
[abs.twimg.com/k/hr/0.commons.hr.4b4884263cd66e75b942.js]
[abs.twimg.com/k/hr/5.pages_permalink.hr.24a72810a2c7319b7dc3.js]
[twitter.com/elonmusk/status/12425221430925885461ebe.html]
[abs.twimg.com/k/en-gb/init.en-gb.027e780228a4b81a7530.js]
[abs.twimg.com/k/en-gb/0.commons.en-gb.a682ff35887e2d4e43a1.js]
[abs.twimg.com/k/en-gb/5.pages_permalink.en-gb.d01701ba3cce1f0d3917.js]
[twitter.com/elonmusk/status/124252214309258854662b1.html]
[abs.twimg.com/k/vi/init.vi.b17480432c7062579687.js]
[abs.twimg.com/k/vi/0.commons.vi.44bc432e8419a31fd77c.js]
[abs.twimg.com/k/vi/5.pages_permalink.vi.238852876ff63751f8ef.js]
[twitter.com/elonmusk/status/1242522143092588546e034.html]
[abs.twimg.com/k/bn/init.bn.29de831c18a9a8b35a23.js]
[abs.twimg.com/k/bn/0.commons.bn.d959bb0e6ab5cc5f04e4.js]
[abs.twimg.com/k/bn/5.pages_permalink.bn.cb9402d63f47e3626b83.js]
[twitter.com/elonmusk/status/1242522143092588546bbc9.html]
[abs.twimg.com/k/bg/init.bg.fb8ff8f89faa7344d87a.js]
[abs.twimg.com/k/bg/0.commons.bg.af5b1710ee69ff99742c.js]
[abs.twimg.com/k/bg/5.pages_permalink.bg.ba42152648b9133fa687.js]
[twitter.com/elonmusk/status/12425221430925885461f03.html]
[abs.twimg.com/k/sr/init.sr.8a58aaa27accb24c6994.js]
[abs.twimg.com/k/sr/0.commons.sr.6c385d74a4feacaeb467.js]
[abs.twimg.com/k/sr/5.pages_permalink.sr.98a525d16473dbebdda1.js]
[twitter.com/elonmusk/status/12425221430925885466e27.html]
[abs.twimg.com/k/sk/init.sk.baa9a8ad081b130d36ab.js]
[abs.twimg.com/k/sk/0.commons.sk.53eca4c985f2a9d8662e.js]
[abs.twimg.com/k/sk/5.pages_permalink.sk.c16541bb4777c287907d.js]
[twitter.com/elonmusk/status/124252214309258854608c7.html]
[abs.twimg.com/k/gu/init.gu.7ef19e1ea294c15d9cbd.js]
[abs.twimg.com/k/gu/0.commons.gu.3a8b45f0c9e7415fcaec.js]
[abs.twimg.com/k/gu/5.pages_permalink.gu.d835bf901435a94c4364.js]
[twitter.com/elonmusk/status/12425221430925885467d5b.html]
[abs.twimg.com/k/mr/init.mr.3e5f5541834358f05d7e.js]
[abs.twimg.com/k/mr/0.commons.mr.855d1c1f7cd0e419cb9e.js]
[abs.twimg.com/k/mr/5.pages_permalink.mr.7ee923087dc20db62321.js]
[twitter.com/elonmusk/status/1242522143092588546c203.html]
[abs.twimg.com/k/ta/init.ta.2e655a48672f3631453b.js]
[abs.twimg.com/k/ta/0.commons.ta.b8e2ecd33c2603bc6ccb.js]
[abs.twimg.com/k/ta/5.pages_permalink.ta.becf900f61dc3406b849.js]
[twitter.com/elonmusk/status/1242522143092588546880d.html]
[abs.twimg.com/k/kn/init.kn.0aca2c2832f2a128256f.js]
[abs.twimg.com/k/kn/0.commons.kn.db57be8ff73eb5ba4417.js]
[abs.twimg.com/k/kn/5.pages_permalink.kn.4afbcba06d63176e5ce3.js]
[twitter.com/elonmusk/status/124252214309258854621c9.html]
[twitter.com/elonmusk/status/android-app_/com.twitter.android/twitter/tweet1c1b.html]
[abs.twimg.com/k/msa/init.msa.373348bbc9644d78ffca.js]
[abs.twimg.com/k/msa/0.commons.msa.6882035d0e58c5770bb5.js]
[abs.twimg.com/k/msa/5.pages_permalink.msa.1f9824af9542a6da2192.js]
[twitter.com/elonmusk/status/124252214309258854631cf.html]
[twitter.com/elonmusk/status/1242519973903376384e68f.html]
[twitter.com/elonmusk/status/12425199739033763849ed2.html]
[twitter.com/elonmusk/status/1242519973903376384d6cc.html]
[twitter.com/elonmusk/status/1242519973903376384c9e6.html]
[twitter.com/elonmusk/status/1242519973903376384c69a.html]
[twitter.com/elonmusk/status/12425199739033763843322.html]
[twitter.com/elonmusk/status/1242519973903376384cf53.html]
[twitter.com/elonmusk/status/12425199739033763849bb4.html]
[twitter.com/elonmusk/status/1242519973903376384923c.html]
[twitter.com/elonmusk/status/12425199739033763847542.html]
[twitter.com/elonmusk/status/12425199739033763842296.html]
[twitter.com/elonmusk/status/12425199739033763842139.html]
[twitter.com/elonmusk/status/1242519973903376384cdb1.html]
[twitter.com/elonmusk/status/124251997390337638402d7.html]
[twitter.com/elonmusk/status/124251997390337638499dc.html]
[twitter.com/elonmusk/status/12425199739033763849212.html]
[twitter.com/elonmusk/status/1242519973903376384759b.html]
[twitter.com/elonmusk/status/1242519973903376384ef8e.html]
[twitter.com/elonmusk/status/124251997390337638499a6.html]
[twitter.com/elonmusk/status/12425199739033763849e93.html]
[twitter.com/elonmusk/status/12425199739033763845720.html]
[twitter.com/elonmusk/status/1242519973903376384c423.html]
[twitter.com/elonmusk/status/12425199739033763846bf8.html]
[twitter.com/elonmusk/status/1242519973903376384a30c.html]
[twitter.com/elonmusk/status/1242519973903376384e6ac.html]
[twitter.com/elonmusk/status/124251997390337638464f4.html]
[twitter.com/elonmusk/status/1242519973903376384add9.html]
[twitter.com/elonmusk/status/1242519973903376384cc5a.html]
[twitter.com/elonmusk/status/12425199739033763849277.html]
[twitter.com/elonmusk/status/1242519973903376384a35d.html]
[twitter.com/elonmusk/status/12425199739033763845242.html]
[twitter.com/elonmusk/status/12425199739033763844bed.html]
[twitter.com/elonmusk/status/1242519973903376384ad9c.html]
[twitter.com/elonmusk/status/12425199739033763847b3f.html]
[twitter.com/elonmusk/status/12425199739033763844240.html]
[twitter.com/elonmusk/status/12425199739033763840b5e.html]
[twitter.com/elonmusk/status/12425199739033763841ebe.html]
[twitter.com/elonmusk/status/124251997390337638462b1.html]
[twitter.com/elonmusk/status/1242519973903376384e034.html]
[twitter.com/elonmusk/status/1242519973903376384bbc9.html]
[twitter.com/elonmusk/status/12425199739033763841f03.html]
[twitter.com/elonmusk/status/12425199739033763846e27.html]
[twitter.com/elonmusk/status/124251997390337638408c7.html]
[twitter.com/elonmusk/status/12425199739033763847d5b.html]
[twitter.com/elonmusk/status/1242519973903376384c203.html]
[twitter.com/elonmusk/status/1242519973903376384880d.html]
[twitter.com/elonmusk/status/124251997390337638421c9.html]
[twitter.com/elonmusk/status/android-app_/com.twitter.android/twitter/tweet.13f0830.delayed]
[pbs.twimg.com/profile_images/1237454608290766855/yzC7RE9s_normal.jpg]
[pbs.twimg.com/profile_images/1198654974013693958/jD4FUIHv_normal.jpg]
[pbs.twimg.com/profile_images/1238520458867118081/X715kxdf_normal.jpg]
[abs.twimg.com/sticky/default_profile_images/default_profile_normal.png]
[pbs.twimg.com/profile_images/1194281207124631552/M7o79MEZ_normal.jpg]
[pbs.twimg.com/profile_images/1023945058582708224/TxjG5XpW_normal.jpg]
[pbs.twimg.com/profile_images/1232694228062437377/PI5kKvwL_normal.jpg]
[pbs.twimg.com/profile_images/1208412427173400576/W8mZjiE__normal.jpg]
[pbs.twimg.com/profile_images/1240866720916492292/6nxnIFcM_normal.jpg]
[pbs.twimg.com/media/ET5RiFkXYAAH5K_.jpg]
[abs.twimg.com/emoji/v2/72x72/1f923.png]
[pbs.twimg.com/media/ET5UltJXQAQXxKp.jpg]
[pbs.twimg.com/profile_images/1239381722887630849/uWAWR2-c_bigger.jpg]
[abs.twimg.com/emoji/v2/72x72/1f61d.png]
[pbs.twimg.com/profile_images/1211289932553170944/DY_9OcrR_bigger.jpg]
[pbs.twimg.com/media/ET5RfRAWkAAFXbg.jpg]
[pbs.twimg.com/profile_images/647093886167322624/_Ftr71g6_bigger.jpg]
[pbs.twimg.com/profile_images/633651365634572288/bcQ5XpR4_bigger.jpg]
[pbs.twimg.com/media/ET5baX-WkAcptVh.jpg]
[pbs.twimg.com/profile_images/1171652261803712514/KNbCWcm3_bigger.jpg]
[twitter.com/elonmusk/status/1242519973903376384.html]
[twitter.com/elonmusk/status/1242520456554516480e68f.html]
[twitter.com/elonmusk/status/12425204565545164809ed2.html]
[twitter.com/elonmusk/status/1242520456554516480d6cc.html]
[twitter.com/elonmusk/status/1242520456554516480c9e6.html]
[twitter.com/elonmusk/status/1242520456554516480c69a.html]
[twitter.com/elonmusk/status/12425204565545164803322.html]
[twitter.com/elonmusk/status/1242520456554516480cf53.html]
[twitter.com/elonmusk/status/12425204565545164809bb4.html]
[twitter.com/elonmusk/status/1242520456554516480923c.html]
[twitter.com/elonmusk/status/12425204565545164807542.html]
[twitter.com/elonmusk/status/12425204565545164802296.html]
[twitter.com/elonmusk/status/12425204565545164802139.html]
[twitter.com/elonmusk/status/1242520456554516480cdb1.html]
[twitter.com/elonmusk/status/124252045655451648002d7.html]
[twitter.com/elonmusk/status/124252045655451648099dc.html]
[twitter.com/elonmusk/status/1242520456554516480.html]
[twitter.com/elonmusk/status/'https_.html]
[abs.twimg.com/a/1585343922/img/t1/spinner-rosetta-gray-14x14-dark-bg.gif]
[abs.twimg.com/a/1585343922/images/bigger_spinner.gif]
[abs.twimg.com/a/1585343922/css/t1/images/ui-bg_flat_75_ffffff_40x100.png]
[abs.twimg.com/a/1585343922/css/t1/images/ui-bg_highlight-soft_75_cccccc_1x100.png]
[abs.twimg.com/a/1585343922/css/t1/images/ui-bg_glass_75_e6e6e6_1x400.png]
[abs.twimg.com/a/1585343922/css/t1/images/ui-bg_glass_75_dadada_1x400.png]
[abs.twimg.com/a/1585343922/css/t1/images/ui-bg_glass_65_ffffff_1x400.png]
[abs.twimg.com/a/1585343922/css/t1/images/ui-bg_glass_55_fbf9ee_1x400.png]
[abs.twimg.com/a/1585343922/css/t1/images/ui-bg_glass_95_fef1ec_1x400.png]
[abs.twimg.com/a/1585343922/css/t1/images/ui-icons_222222_256x240.png]
[abs.twimg.com/a/1585343922/css/t1/images/ui-icons_888888_256x240.png]
[abs.twimg.com/a/1585343922/css/t1/images/ui-icons_454545_256x240.png]
[abs.twimg.com/a/1585343922/css/t1/images/ui-icons_2e83ff_256x240.png]
[abs.twimg.com/a/1585343922/css/t1/images/ui-icons_cd0a0a_256x240.png]
[abs.twimg.com/a/1585343922/css/t1/images/ui-bg_flat_0_aaaaaa_40x100.png]
[abs.twimg.com/a/1585343922/css/t1/twitter_core.bundle.rtl.css]
[abs.twimg.com/a/1585343922/css/t1/twitter_more_1.bundle.rtl.css]
[abs.twimg.com/a/1585343922/css/t1/twitter_more_2.bundle.rtl.css]
[twitter.com/elonmusk/status/1242519973903376384e68f.html]
[twitter.com/elonmusk/status/12425199739033763849ed2.html]
[twitter.com/elonmusk/status/12425204565545164809212.html]
[twitter.com/elonmusk/status/1242519973903376384d6cc.html]
[twitter.com/elonmusk/status/1242519973903376384c9e6.html]
[twitter.com/elonmusk/status/1242519973903376384c69a.html]
[twitter.com/elonmusk/status/12425199739033763843322.html]
[twitter.com/elonmusk/status/1242519973903376384cf53.html]
[twitter.com/elonmusk/status/12425199739033763849bb4.html]
[twitter.com/elonmusk/status/1242519973903376384923c.html]
[twitter.com/elonmusk/status/12425199739033763847542.html]
[twitter.com/elonmusk/status/12425199739033763842296.html]
[twitter.com/elonmusk/status/12425199739033763842139.html]
[twitter.com/elonmusk/status/1242519973903376384cdb1.html]
[twitter.com/elonmusk/status/124251997390337638402d7.html]
[twitter.com/elonmusk/status/124251997390337638499dc.html]
[twitter.com/elonmusk/status/12425199739033763849212.html]
[twitter.com/elonmusk/status/1242519973903376384759b.html]
[twitter.com/elonmusk/status/1242519973903376384ef8e.html]
[twitter.com/elonmusk/status/124251997390337638499a6.html]
[twitter.com/elonmusk/status/12425199739033763849e93.html]
[twitter.com/elonmusk/status/12425199739033763845720.html]
[twitter.com/elonmusk/status/1242519973903376384c423.html]
[twitter.com/elonmusk/status/12425199739033763846bf8.html]
[twitter.com/elonmusk/status/1242519973903376384a30c.html]
